<?xml version="1.0" encoding="UTF-8"?>
<TestRun id="598334dc-f02d-48cc-9a03-3b69beb17f39" name="sanchez@SANCHEZ-PC 2015-07-10 13:06:37" runUser="sanchez-PC\sanchez" xmlns="http://microsoft.com/schemas/VisualStudio/TeamTest/2010">
  <TestSettings name="Local" id="e0b70997-861b-4675-abe8-167edbb03b99">
    <Description>Esta es la configuración de pruebas predeterminada para una ejecución de pruebas local.</Description>
    <Deployment userDeploymentRoot="C:\Users\sanchez\Documents\GitHub\CSCInventarios\SistemaWeb\CSCInventarios\TestResults" useDefaultDeploymentRoot="false" enabled="false" runDeploymentRoot="sanchez_SANCHEZ-PC 2015-07-10 13_06_37">
      <DeploymentItem filename="C:\Users\sanchez\Documents\GitHub\CSCInventarios\SistemaWeb\CSCInventarios\CSCInventarios.DAL\bin\Debug\CSCInventarios.DAL.dll" />
      <DeploymentItem filename="C:\Users\sanchez\Documents\GitHub\CSCInventarios\SistemaWeb\CSCInventarios\packages\Unity.2.1.505.2\lib\NET35\Microsoft.Practices.Unity.dll" />
      <DeploymentItem filename="F:\INfo\aaa_UPN\UPN 2012-1\PROYECTO INTEGRADOR II\Aplicaciones web\DBSystem\DBSystem.DataAccess\bin\Debug\DBSystem.BussinesEntities.dll" />
      <DeploymentItem filename="F:\INfo\aaa_UPN\UPN 2012-1\PROYECTO INTEGRADOR II\Aplicaciones web\DBSystem\DBSystem.DataAccess\bin\Debug\Microsoft.Practices.Unity.Interception.dll" />
      <DeploymentItem filename="C:\Users\sanchez\Documents\GitHub\CSCInventarios\SistemaWeb\CSCInventarios\packages\Eastupright.EnterpriseLibrary.Common.2015.6.16.2\lib\Eastupright.EnterpriseLibrary.Common.dll" />
      <DeploymentItem filename="C:\Users\sanchez\Documents\GitHub\CSCInventarios\SistemaWeb\CSCInventarios\packages\CommonServiceLocator.1.0\lib\NET35\Microsoft.Practices.ServiceLocation.dll" />
      <DeploymentItem filename="C:\Users\sanchez\Documents\GitHub\CSCInventarios\SistemaWeb\CSCInventarios\packages\Unity.2.1.505.2\lib\NET35\Microsoft.Practices.Unity.Configuration.dll" />
      <DeploymentItem filename="F:\INfo\aaa_UPN\UPN 2012-1\PROYECTO INTEGRADOR II\Aplicaciones web\DBSystem\DBSystem.DataAccess\bin\Debug\Microsoft.Practices.EnterpriseLibrary.Data.dll" />
      <DeploymentItem filename="F:\INfo\aaa_UPN\UPN 2012-1\PROYECTO INTEGRADOR II\Aplicaciones web\DBSystem\DBSystem.DataAccess\bin\Debug\Microsoft.Practices.Unity.Interception.Configuration.dll" />
      <DeploymentItem filename="C:\Users\sanchez\Documents\GitHub\CSCInventarios\SistemaWeb\CSCInventarios\packages\EntityFramework.6.1.3\lib\net40\EntityFramework.SqlServer.dll" />
      <DeploymentItem filename="F:\INfo\aaa_UPN\UPN 2012-1\PROYECTO INTEGRADOR II\Aplicaciones web\DBSystem\DBSystem.DataAccess\bin\Debug\Microsoft.Practices.EnterpriseLibrary.Common.dll" />
      <DeploymentItem filename="C:\Users\sanchez\Documents\GitHub\CSCInventarios\SistemaWeb\CSCInventarios\CSCInventarios.EL\bin\Debug\CSCInventarios.EL.dll" />
      <DeploymentItem filename="F:\INfo\aaa_UPN\UPN 2012-1\PROYECTO INTEGRADOR II\Aplicaciones web\DBSystem\DBSystem.DataAccess\bin\Debug\DBSystem.DataAccess.dll" />
      <DeploymentItem filename="C:\Users\sanchez\Documents\GitHub\CSCInventarios\SistemaWeb\CSCInventarios\packages\EntityFramework.6.1.3\lib\net40\EntityFramework.dll" />
    </Deployment>
    <Execution>
      <TestTypeSpecific />
      <AgentRule name="Execution Agents">
      </AgentRule>
    </Execution>
  </TestSettings>
  <Times creation="2015-07-10T13:06:37.5846605-05:00" queuing="2015-07-10T13:06:41.6908953-05:00" start="2015-07-10T13:06:41.8169025-05:00" finish="2015-07-10T13:07:11.2285848-05:00" />
  <ResultSummary outcome="Error">
    <Counters total="1" executed="1" error="0" failed="0" timeout="0" aborted="1" inconclusive="0" passedButRunAborted="0" notRunnable="0" notExecuted="0" disconnected="0" warning="0" passed="0" completed="0" inProgress="0" pending="0" />
    <RunInfos>
      <RunInfo computerName="SANCHEZ-PC" outcome="Warning" timestamp="2015-07-10T13:06:37.7166680-05:00">
        <Text>La implementación está deshabilitada. No se implementó el elemento  'CSCInventarios.DAL.dll' en la prueba 'CSCnvetarios.TestProject.SolicitudDALTest.LeerEstacionesPorEstacionIdTest'.</Text>
      </RunInfo>
      <RunInfo computerName="SANCHEZ-PC" outcome="Error" timestamp="2015-07-10T13:07:11.2215844-05:00">
        <Text>El proceso del host de pruebas terminó inesperadamente.</Text>
      </RunInfo>
    </RunInfos>
  </ResultSummary>
  <TestDefinitions>
    <UnitTest name="LeerEstacionesPorEstacionIdTest" storage="c:\users\sanchez\documents\github\cscinventarios\sistemaweb\cscinventarios\cscnvetarios.testproject\bin\debug\cscnvetarios.testproject.dll" id="ace0f215-caab-c32a-b0cb-3d3825cc08d8">
      <DeploymentItems>
        <DeploymentItem filename="CSCInventarios.DAL.dll" />
      </DeploymentItems>
      <Execution id="583cba01-f9d2-4a9d-8a1d-4f94af345e2c" />
      <TestMethod codeBase="C:/Users/sanchez/Documents/GitHub/CSCInventarios/SistemaWeb/CSCInventarios/CSCnvetarios.TestProject/bin/Debug/CSCnvetarios.TestProject.DLL" adapterTypeName="Microsoft.VisualStudio.TestTools.TestTypes.Unit.UnitTestAdapter, Microsoft.VisualStudio.QualityTools.Tips.UnitTest.Adapter, Version=10.0.0.0, Culture=neutral, PublicKeyToken=b03f5f7f11d50a3a" className="CSCnvetarios.TestProject.SolicitudDALTest, CSCnvetarios.TestProject, Version=1.0.0.0, Culture=neutral, PublicKeyToken=null" name="LeerEstacionesPorEstacionIdTest" />
    </UnitTest>
  </TestDefinitions>
  <TestLists>
    <TestList name="Resultados que no están en la lista" id="8c84fa94-04c1-424b-9868-57a2d4851a1d" />
    <TestList name="Todos los resultados cargados" id="19431567-8539-422a-85d7-44ee4e166bda" />
  </TestLists>
  <TestEntries>
    <TestEntry testId="ace0f215-caab-c32a-b0cb-3d3825cc08d8" executionId="583cba01-f9d2-4a9d-8a1d-4f94af345e2c" testListId="8c84fa94-04c1-424b-9868-57a2d4851a1d" />
  </TestEntries>
  <Results>
    <UnitTestResult executionId="583cba01-f9d2-4a9d-8a1d-4f94af345e2c" testId="ace0f215-caab-c32a-b0cb-3d3825cc08d8" testName="LeerEstacionesPorEstacionIdTest" computerName="SANCHEZ-PC" duration="00:00:29.3726800" startTime="2015-07-10T13:06:41.8559048-05:00" endTime="2015-07-10T13:07:11.2285848-05:00" testType="13cdc9d9-ddb5-4fa4-a97d-d965ccfc6d4b" outcome="Aborted" testListId="8c84fa94-04c1-424b-9868-57a2d4851a1d" relativeResultsDirectory="583cba01-f9d2-4a9d-8a1d-4f94af345e2c">
    </UnitTestResult>
  </Results>
</TestRun>